
  You can now view your Streamlit app in your browser.

  Local URL: http://localhost:8501
  Network URL: http://192.168.1.131:8501
  External URL: http://35.146.34.38:8501

  For better performance, install the Watchdog module:

  $ xcode-select --install
  $ pip install watchdog
            
2025-11-30 23:58:46,256 - ui - INFO - New session started: 5a345902-1071-4c44-8e64-1d9cfa539148
2025-11-30 23:58:46,256 - mem0_manager - INFO - Loading all-MiniLM-L6-v2 embedding model...
2025-11-30 23:58:48,011 - mem0_manager - INFO - Loaded 3 cached embeddings
2025-11-30 23:58:48,011 - mem0_manager - INFO - Memory manager initialized with all-MiniLM-L6-v2 embeddings
/Users/chittivijay/Documents/PythonAssignment_Hackthan_1/travel-assistant-hackthan/src/utils/rag_manager.py:30: UserWarning: Api key is used with an insecure connection.
  self.qdrant_client = QdrantClient(
2025-11-30 23:58:48,100 - rag_manager - WARNING - Qdrant not available: [Errno 61] Connection refused
WARNING:rag_manager:Qdrant not available: [Errno 61] Connection refused
2025-11-30 23:58:48,100 - rag_manager - WARNING - RAG system will be disabled. Policy queries will not work.
WARNING:rag_manager:RAG system will be disabled. Policy queries will not work.
2025-11-30 23:58:48,105 - ui - INFO - Travel Assistant Graph initialized
INFO:ui:Travel Assistant Graph initialized
2025-11-30 23:58:54,478 - workflow - INFO - Processing message for user 5a345902-1071-4c44-8e64-1d9cfa539148: I love trekking in the monsoon season
INFO:workflow:Processing message for user 5a345902-1071-4c44-8e64-1d9cfa539148: I love trekking in the monsoon season
2025-11-30 23:58:54,480 - user_input - INFO - Loading user history for user 5a345902-1071-4c44-8e64-1d9cfa539148
INFO:user_input:Loading user history for user 5a345902-1071-4c44-8e64-1d9cfa539148
2025-11-30 23:58:54,481 - mem0_manager - INFO - Retrieved 0 memories for user 5a345902-1071-4c44-8e64-1d9cfa539148
INFO:mem0_manager:Retrieved 0 memories for user 5a345902-1071-4c44-8e64-1d9cfa539148
2025-11-30 23:58:54,481 - user_input - INFO - Loaded 0 history items for user 5a345902-1071-4c44-8e64-1d9cfa539148
INFO:user_input:Loaded 0 history items for user 5a345902-1071-4c44-8e64-1d9cfa539148
2025-11-30 23:58:54,481 - user_input - INFO - User input: I love trekking in the monsoon season
INFO:user_input:User input: I love trekking in the monsoon season
2025-11-30 23:58:54,482 - intent_classification - INFO - Classifying intent for user 5a345902-1071-4c44-8e64-1d9cfa539148
INFO:intent_classification:Classifying intent for user 5a345902-1071-4c44-8e64-1d9cfa539148
2025-11-30 23:58:57,131 - intent_classification - INFO - Classified intent: information
INFO:intent_classification:Classified intent: information
2025-11-30 23:58:57,132 - workflow - INFO - Routing to node based on intent: information
INFO:workflow:Routing to node based on intent: information
2025-11-30 23:58:57,133 - information_node - INFO - Processing information for user 5a345902-1071-4c44-8e64-1d9cfa539148
INFO:information_node:Processing information for user 5a345902-1071-4c44-8e64-1d9cfa539148
2025-11-30 23:58:57,438 - mem0_manager - INFO - Added memory for user 5a345902-1071-4c44-8e64-1d9cfa539148 with embedding
INFO:mem0_manager:Added memory for user 5a345902-1071-4c44-8e64-1d9cfa539148 with embedding
2025-11-30 23:58:57,438 - information_node - INFO - Successfully saved preference for user 5a345902-1071-4c44-8e64-1d9cfa539148
INFO:information_node:Successfully saved preference for user 5a345902-1071-4c44-8e64-1d9cfa539148
2025-11-30 23:59:18,807 - workflow - INFO - Processing message for user 5a345902-1071-4c44-8e64-1d9cfa539148:  Suggest a 3-day itinerary in Japan
INFO:workflow:Processing message for user 5a345902-1071-4c44-8e64-1d9cfa539148:  Suggest a 3-day itinerary in Japan
2025-11-30 23:59:18,811 - user_input - INFO - Loading user history for user 5a345902-1071-4c44-8e64-1d9cfa539148
INFO:user_input:Loading user history for user 5a345902-1071-4c44-8e64-1d9cfa539148
2025-11-30 23:59:18,812 - mem0_manager - INFO - Retrieved 1 memories for user 5a345902-1071-4c44-8e64-1d9cfa539148
INFO:mem0_manager:Retrieved 1 memories for user 5a345902-1071-4c44-8e64-1d9cfa539148
2025-11-30 23:59:18,812 - user_input - INFO - Loaded 1 history items for user 5a345902-1071-4c44-8e64-1d9cfa539148
INFO:user_input:Loaded 1 history items for user 5a345902-1071-4c44-8e64-1d9cfa539148
2025-11-30 23:59:18,812 - user_input - INFO - User input:  Suggest a 3-day itinerary in Japan
INFO:user_input:User input:  Suggest a 3-day itinerary in Japan
2025-11-30 23:59:18,812 - intent_classification - INFO - Classifying intent for user 5a345902-1071-4c44-8e64-1d9cfa539148
INFO:intent_classification:Classifying intent for user 5a345902-1071-4c44-8e64-1d9cfa539148
2025-11-30 23:59:19,695 - intent_classification - INFO - Classified intent: itinerary
INFO:intent_classification:Classified intent: itinerary
2025-11-30 23:59:19,695 - workflow - INFO - Routing to node based on intent: itinerary
INFO:workflow:Routing to node based on intent: itinerary
2025-11-30 23:59:19,696 - itinerary_node - INFO - Generating itinerary for user 5a345902-1071-4c44-8e64-1d9cfa539148
INFO:itinerary_node:Generating itinerary for user 5a345902-1071-4c44-8e64-1d9cfa539148
2025-11-30 23:59:19,696 - mem0_manager - INFO - Retrieved 1 memories for user 5a345902-1071-4c44-8e64-1d9cfa539148
INFO:mem0_manager:Retrieved 1 memories for user 5a345902-1071-4c44-8e64-1d9cfa539148
2025-11-30 23:59:43,294 - itinerary_node - INFO - Successfully generated itinerary for user 5a345902-1071-4c44-8e64-1d9cfa539148
INFO:itinerary_node:Successfully generated itinerary for user 5a345902-1071-4c44-8e64-1d9cfa539148
2025-12-01 00:00:35,737 - workflow - INFO - Processing message for user 5a345902-1071-4c44-8e64-1d9cfa539148: yes i want this plan
INFO:workflow:Processing message for user 5a345902-1071-4c44-8e64-1d9cfa539148: yes i want this plan
2025-12-01 00:00:35,740 - user_input - INFO - Loading user history for user 5a345902-1071-4c44-8e64-1d9cfa539148
INFO:user_input:Loading user history for user 5a345902-1071-4c44-8e64-1d9cfa539148
2025-12-01 00:00:35,740 - mem0_manager - INFO - Retrieved 1 memories for user 5a345902-1071-4c44-8e64-1d9cfa539148
INFO:mem0_manager:Retrieved 1 memories for user 5a345902-1071-4c44-8e64-1d9cfa539148
2025-12-01 00:00:35,740 - user_input - INFO - Loaded 1 history items for user 5a345902-1071-4c44-8e64-1d9cfa539148
INFO:user_input:Loaded 1 history items for user 5a345902-1071-4c44-8e64-1d9cfa539148
2025-12-01 00:00:35,740 - user_input - INFO - User input: yes i want this plan
INFO:user_input:User input: yes i want this plan
2025-12-01 00:00:35,740 - intent_classification - INFO - Classifying intent for user 5a345902-1071-4c44-8e64-1d9cfa539148
INFO:intent_classification:Classifying intent for user 5a345902-1071-4c44-8e64-1d9cfa539148
2025-12-01 00:00:41,155 - intent_classification - INFO - Classified intent: travel_plan
INFO:intent_classification:Classified intent: travel_plan
2025-12-01 00:00:41,156 - workflow - INFO - Routing to node based on intent: travel_plan
INFO:workflow:Routing to node based on intent: travel_plan
2025-12-01 00:00:41,157 - travel_plan - INFO - Generating travel plan for user 5a345902-1071-4c44-8e64-1d9cfa539148
INFO:travel_plan:Generating travel plan for user 5a345902-1071-4c44-8e64-1d9cfa539148
2025-12-01 00:00:41,158 - mem0_manager - INFO - Retrieved 1 memories for user 5a345902-1071-4c44-8e64-1d9cfa539148
INFO:mem0_manager:Retrieved 1 memories for user 5a345902-1071-4c44-8e64-1d9cfa539148
2025-12-01 00:01:07,325 - workflow - INFO - Processing message for user 5a345902-1071-4c44-8e64-1d9cfa539148: I love having vegetarian food with a tea in the mountains
INFO:workflow:Processing message for user 5a345902-1071-4c44-8e64-1d9cfa539148: I love having vegetarian food with a tea in the mountains
2025-12-01 00:01:07,328 - user_input - INFO - Loading user history for user 5a345902-1071-4c44-8e64-1d9cfa539148
INFO:user_input:Loading user history for user 5a345902-1071-4c44-8e64-1d9cfa539148
2025-12-01 00:01:07,329 - mem0_manager - INFO - Retrieved 1 memories for user 5a345902-1071-4c44-8e64-1d9cfa539148
INFO:mem0_manager:Retrieved 1 memories for user 5a345902-1071-4c44-8e64-1d9cfa539148
2025-12-01 00:01:07,329 - user_input - INFO - Loaded 1 history items for user 5a345902-1071-4c44-8e64-1d9cfa539148
INFO:user_input:Loaded 1 history items for user 5a345902-1071-4c44-8e64-1d9cfa539148
2025-12-01 00:01:07,330 - user_input - INFO - User input: I love having vegetarian food with a tea in the mountains
INFO:user_input:User input: I love having vegetarian food with a tea in the mountains
2025-12-01 00:01:07,330 - intent_classification - INFO - Classifying intent for user 5a345902-1071-4c44-8e64-1d9cfa539148
INFO:intent_classification:Classifying intent for user 5a345902-1071-4c44-8e64-1d9cfa539148
2025-12-01 00:01:07,822 - intent_classification - INFO - Classified intent: information
INFO:intent_classification:Classified intent: information
2025-12-01 00:01:07,822 - workflow - INFO - Routing to node based on intent: information
INFO:workflow:Routing to node based on intent: information
2025-12-01 00:01:07,824 - information_node - INFO - Processing information for user 5a345902-1071-4c44-8e64-1d9cfa539148
INFO:information_node:Processing information for user 5a345902-1071-4c44-8e64-1d9cfa539148
2025-12-01 00:01:08,206 - mem0_manager - INFO - Added memory for user 5a345902-1071-4c44-8e64-1d9cfa539148 with embedding
INFO:mem0_manager:Added memory for user 5a345902-1071-4c44-8e64-1d9cfa539148 with embedding
2025-12-01 00:01:08,206 - information_node - INFO - Successfully saved preference for user 5a345902-1071-4c44-8e64-1d9cfa539148
INFO:information_node:Successfully saved preference for user 5a345902-1071-4c44-8e64-1d9cfa539148
  Stopping...
