2025-12-07 01:40:56,403 - information_node - INFO - Processing information for user 9207736f-12a6-4cb8-92dc-7a732267a80a
2025-12-07 01:40:56,406 - information_node - INFO - Successfully saved preference for user 9207736f-12a6-4cb8-92dc-7a732267a80a
2025-12-07 01:45:50,653 - information_node - INFO - Processing information for user 31ef65f5-3cf2-4070-a46c-d927649b7201
2025-12-07 01:45:50,655 - information_node - INFO - Successfully saved preference for user 31ef65f5-3cf2-4070-a46c-d927649b7201
2025-12-07 01:48:57,292 - information_node - INFO - Processing information for user 31ef65f5-3cf2-4070-a46c-d927649b7201
2025-12-07 01:48:57,297 - information_node - INFO - Detected previous itinerary, will update with new preferences
2025-12-07 01:49:29,955 - information_node - INFO - Successfully saved preference for user 31ef65f5-3cf2-4070-a46c-d927649b7201
2025-12-07 02:00:37,600 - information_node - INFO - Processing information for user 31ef65f5-3cf2-4070-a46c-d927649b7201
2025-12-07 02:00:37,983 - information_node - INFO - Successfully saved preference for user 31ef65f5-3cf2-4070-a46c-d927649b7201
2025-12-08 01:26:32,277 - information_node - INFO - Processing information for user cc250929-6404-442e-9006-c01010b465a1
2025-12-08 01:26:32,279 - information_node - INFO - Successfully saved preference for user cc250929-6404-442e-9006-c01010b465a1
2025-12-12 12:10:45,015 - information_node - INFO - Processing information for user test_user_123
2025-12-12 12:10:45,671 - information_node - INFO - Successfully saved preference for user test_user_123
2025-12-12 22:20:27,521 - information_node - INFO - Processing information for user b175b8ab-e6ce-4fdb-98a1-95eb7b8d8b27
2025-12-12 22:20:28,159 - information_node - INFO - Successfully saved preference for user b175b8ab-e6ce-4fdb-98a1-95eb7b8d8b27
2025-12-12 22:53:53,862 - information_node - INFO - Processing information for user 304baa87-1308-450b-afb9-15c1113388eb
2025-12-12 22:53:54,847 - information_node - INFO - Successfully saved preference for user 304baa87-1308-450b-afb9-15c1113388eb
2025-12-12 23:22:26,803 - information_node - INFO - Processing information for user 4f9aa905-f5c6-4eb0-8765-5931a043546c
2025-12-12 23:22:26,808 - information_node - INFO - Detected previous itinerary, will update with new preferences
2025-12-12 23:24:01,245 - information_node - INFO - Processing information for user 4f9aa905-f5c6-4eb0-8765-5931a043546c
2025-12-12 23:24:01,253 - information_node - INFO - Successfully saved preference for user 4f9aa905-f5c6-4eb0-8765-5931a043546c
2025-12-13 14:08:42,313 - information_node - INFO - Processing information for user eee41e87-3e56-41d6-846f-df2e45a412be
2025-12-13 14:08:42,944 - information_node - INFO - Successfully saved preference for user eee41e87-3e56-41d6-846f-df2e45a412be
2025-12-13 14:12:15,423 - information_node - INFO - Processing information for user 833c1d15-70ce-4274-a63f-0ff56567695a
2025-12-13 14:12:15,841 - information_node - INFO - Successfully saved preference for user 833c1d15-70ce-4274-a63f-0ff56567695a
2025-12-13 14:12:26,056 - information_node - INFO - Processing information for user 833c1d15-70ce-4274-a63f-0ff56567695a
2025-12-13 14:12:26,058 - information_node - INFO - Successfully saved preference for user 833c1d15-70ce-4274-a63f-0ff56567695a
2025-12-13 14:12:34,762 - information_node - INFO - Processing information for user 833c1d15-70ce-4274-a63f-0ff56567695a
2025-12-13 14:12:35,124 - information_node - INFO - Successfully saved preference for user 833c1d15-70ce-4274-a63f-0ff56567695a
2025-12-13 14:14:48,490 - information_node - INFO - Processing information for user 833c1d15-70ce-4274-a63f-0ff56567695a
2025-12-13 14:14:48,877 - information_node - INFO - Successfully saved preference for user 833c1d15-70ce-4274-a63f-0ff56567695a
2025-12-13 14:15:42,849 - information_node - INFO - Processing information for user 833c1d15-70ce-4274-a63f-0ff56567695a
2025-12-13 14:15:43,156 - information_node - INFO - Successfully saved preference for user 833c1d15-70ce-4274-a63f-0ff56567695a
2025-12-13 14:15:56,812 - information_node - INFO - Processing information for user 833c1d15-70ce-4274-a63f-0ff56567695a
2025-12-13 14:15:57,130 - information_node - INFO - Successfully saved preference for user 833c1d15-70ce-4274-a63f-0ff56567695a
2025-12-13 14:16:21,012 - information_node - INFO - Processing information for user 833c1d15-70ce-4274-a63f-0ff56567695a
2025-12-13 14:16:21,343 - information_node - INFO - Successfully saved preference for user 833c1d15-70ce-4274-a63f-0ff56567695a
2025-12-13 14:16:31,127 - information_node - INFO - Processing information for user 833c1d15-70ce-4274-a63f-0ff56567695a
2025-12-13 14:16:31,334 - information_node - INFO - Successfully saved preference for user 833c1d15-70ce-4274-a63f-0ff56567695a
2025-12-13 14:16:45,130 - information_node - INFO - Processing information for user 833c1d15-70ce-4274-a63f-0ff56567695a
2025-12-13 14:16:45,514 - information_node - INFO - Successfully saved preference for user 833c1d15-70ce-4274-a63f-0ff56567695a
2025-12-13 14:21:52,399 - information_node - INFO - Processing information for user 41d54e22-3384-4348-8ddb-a865b7d86cef
2025-12-13 14:21:52,402 - information_node - INFO - Successfully saved preference for user 41d54e22-3384-4348-8ddb-a865b7d86cef
2025-12-13 14:21:59,391 - information_node - INFO - Processing information for user 41d54e22-3384-4348-8ddb-a865b7d86cef
2025-12-13 14:21:59,394 - information_node - INFO - Successfully saved preference for user 41d54e22-3384-4348-8ddb-a865b7d86cef
2025-12-13 14:22:18,129 - information_node - INFO - Processing information for user 41d54e22-3384-4348-8ddb-a865b7d86cef
2025-12-13 14:22:18,132 - information_node - INFO - Successfully saved preference for user 41d54e22-3384-4348-8ddb-a865b7d86cef
2025-12-13 14:24:44,002 - information_node - INFO - Processing information for user 41d54e22-3384-4348-8ddb-a865b7d86cef
2025-12-13 14:24:44,004 - information_node - INFO - Successfully saved preference for user 41d54e22-3384-4348-8ddb-a865b7d86cef
2025-12-13 14:25:47,032 - information_node - INFO - Processing information for user 41d54e22-3384-4348-8ddb-a865b7d86cef
2025-12-13 14:25:47,035 - information_node - INFO - Successfully saved preference for user 41d54e22-3384-4348-8ddb-a865b7d86cef
2025-12-13 14:25:59,877 - information_node - INFO - Processing information for user 41d54e22-3384-4348-8ddb-a865b7d86cef
2025-12-13 14:25:59,879 - information_node - INFO - Successfully saved preference for user 41d54e22-3384-4348-8ddb-a865b7d86cef
2025-12-13 14:26:55,361 - information_node - INFO - Processing information for user 41d54e22-3384-4348-8ddb-a865b7d86cef
2025-12-13 14:26:55,365 - information_node - INFO - Successfully saved preference for user 41d54e22-3384-4348-8ddb-a865b7d86cef
2025-12-13 14:27:03,935 - information_node - INFO - Processing information for user 41d54e22-3384-4348-8ddb-a865b7d86cef
2025-12-13 14:27:03,937 - information_node - INFO - Successfully saved preference for user 41d54e22-3384-4348-8ddb-a865b7d86cef
2025-12-13 14:27:16,957 - information_node - INFO - Processing information for user 41d54e22-3384-4348-8ddb-a865b7d86cef
2025-12-13 14:27:16,959 - information_node - INFO - Successfully saved preference for user 41d54e22-3384-4348-8ddb-a865b7d86cef
2025-12-13 14:50:32,536 - information_node - INFO - Processing information for user 36935f8e-314b-4f66-88d4-3d59564ddb5b
2025-12-13 14:50:32,540 - information_node - INFO - Successfully saved preference for user 36935f8e-314b-4f66-88d4-3d59564ddb5b
2025-12-13 15:05:34,638 - information_node - INFO - Processing information for user 1171951c-1e5b-4cd8-967b-134d3acd0c5a
2025-12-13 15:05:34,641 - information_node - INFO - Successfully saved preference for user 1171951c-1e5b-4cd8-967b-134d3acd0c5a
2025-12-13 15:12:26,173 - information_node - INFO - Processing information for user 2e1cd6b4-cd05-436c-9301-9cbf4979dda2
2025-12-13 15:12:26,176 - information_node - INFO - Successfully saved preference for user 2e1cd6b4-cd05-436c-9301-9cbf4979dda2
2025-12-13 16:18:34,069 - information_node - INFO - Processing information for user 62f1c2d5-5533-4280-9ddb-be5a176dc627
2025-12-13 16:18:34,073 - information_node - INFO - Successfully saved preference for user 62f1c2d5-5533-4280-9ddb-be5a176dc627
2025-12-13 16:36:29,296 - information_node - INFO - Processing information for user da90136b-79ae-4d53-92f5-ca30c06a1b59
2025-12-13 16:36:29,301 - information_node - INFO - Successfully saved preference for user da90136b-79ae-4d53-92f5-ca30c06a1b59
2025-12-13 17:59:45,702 - information_node - INFO - Processing information for user 5b906ad6-9a01-418e-ad06-2090817aa9ec
2025-12-13 17:59:45,707 - information_node - INFO - Successfully saved preference for user 5b906ad6-9a01-418e-ad06-2090817aa9ec
2025-12-13 18:05:11,075 - information_node - INFO - Processing information for user dcfbb3dd-642b-40e6-bbbd-219162ac69d3
2025-12-13 18:05:11,080 - information_node - INFO - Successfully saved preference for user dcfbb3dd-642b-40e6-bbbd-219162ac69d3
2025-12-13 18:08:54,498 - information_node - INFO - Processing information for user test_user_123
2025-12-13 18:08:54,503 - information_node - INFO - Successfully saved preference for user test_user_123
2025-12-13 18:15:30,242 - information_node - INFO - Processing information for user 293bbb53-8972-427d-9de2-92d9191094e0
2025-12-13 18:15:30,247 - information_node - INFO - Successfully saved preference for user 293bbb53-8972-427d-9de2-92d9191094e0
2025-12-13 18:28:58,401 - information_node - INFO - Processing information for user d11bf1d4-b67d-4f6f-907b-b59742443695
2025-12-13 18:28:58,405 - information_node - INFO - Successfully saved preference for user d11bf1d4-b67d-4f6f-907b-b59742443695
2025-12-13 18:37:51,061 - information_node - INFO - Processing information for user dec0657a-6a82-4cb9-bbc5-44ca1731e331
2025-12-13 18:37:51,065 - information_node - INFO - Successfully saved preference for user dec0657a-6a82-4cb9-bbc5-44ca1731e331
2025-12-13 18:42:39,511 - information_node - INFO - Processing information for user 67e10d97-560c-4e59-b99e-55d87ddd4a79
2025-12-13 18:42:39,517 - information_node - INFO - Successfully saved preference for user 67e10d97-560c-4e59-b99e-55d87ddd4a79
2025-12-13 18:46:09,377 - information_node - INFO - Processing information for user 2f7bb850-b48d-42cd-bba0-7bebb846b25f
2025-12-13 18:46:09,384 - information_node - INFO - Successfully saved preference for user 2f7bb850-b48d-42cd-bba0-7bebb846b25f
