2025-11-30 23:59:19,696 - itinerary_node - INFO - Generating itinerary for user 5a345902-1071-4c44-8e64-1d9cfa539148
2025-11-30 23:59:43,294 - itinerary_node - INFO - Successfully generated itinerary for user 5a345902-1071-4c44-8e64-1d9cfa539148
2025-12-01 00:11:42,055 - itinerary_node - INFO - Generating itinerary for user test-conversation-user
2025-12-01 00:12:00,114 - itinerary_node - INFO - Successfully generated itinerary for user test-conversation-user
2025-12-01 00:13:03,854 - itinerary_node - INFO - Generating itinerary for user test-selection-save
2025-12-01 00:13:23,517 - itinerary_node - INFO - Successfully generated itinerary for user test-selection-save
2025-12-01 00:18:22,174 - itinerary_node - INFO - Generating itinerary for user de639ce9-183e-4642-b4c8-97028efbbb0d
2025-12-01 00:19:01,880 - itinerary_node - INFO - Successfully generated itinerary for user de639ce9-183e-4642-b4c8-97028efbbb0d
2025-12-01 00:23:20,213 - itinerary_node - INFO - Generating itinerary for user preference-update-test
2025-12-01 00:23:45,919 - itinerary_node - INFO - Successfully generated itinerary for user preference-update-test
2025-12-01 00:56:29,032 - itinerary_node - INFO - Generating itinerary for user 7cf40dc0-6aad-4fef-a7f4-63e80a6080f3
2025-12-01 00:56:53,842 - itinerary_node - INFO - Successfully generated itinerary for user 7cf40dc0-6aad-4fef-a7f4-63e80a6080f3
2025-12-01 01:09:56,551 - itinerary_node - INFO - Generating itinerary for user 1943c68f-09a1-4976-8f8c-72ba65521116
2025-12-01 01:10:20,577 - itinerary_node - INFO - Successfully generated itinerary for user 1943c68f-09a1-4976-8f8c-72ba65521116
2025-12-01 01:11:55,965 - itinerary_node - INFO - Generating itinerary for user 1943c68f-09a1-4976-8f8c-72ba65521116
2025-12-01 01:12:26,327 - itinerary_node - INFO - Successfully generated itinerary for user 1943c68f-09a1-4976-8f8c-72ba65521116
2025-12-01 01:24:40,626 - itinerary_node - INFO - Generating itinerary for user 3ffdf420-0cda-45e7-bc2f-bb2987913fb0
2025-12-01 01:25:10,116 - itinerary_node - INFO - Successfully generated itinerary for user 3ffdf420-0cda-45e7-bc2f-bb2987913fb0
2025-12-01 01:25:39,171 - itinerary_node - INFO - Generating itinerary for user 31ddad5e-3f48-4c97-a72c-7c6ab326b333
2025-12-01 01:26:14,449 - itinerary_node - INFO - Successfully generated itinerary for user 31ddad5e-3f48-4c97-a72c-7c6ab326b333
2025-12-01 01:28:22,878 - itinerary_node - INFO - Generating itinerary for user 6cefe2c2-a360-4978-aa66-17eaa1d42803
2025-12-01 01:28:45,658 - itinerary_node - INFO - Successfully generated itinerary for user 6cefe2c2-a360-4978-aa66-17eaa1d42803
