2025-12-07 01:20:46,138 - mem0_manager - INFO - Loading all-MiniLM-L6-v2 embedding model...
2025-12-07 01:20:48,006 - mem0_manager - INFO - Loaded 15 cached embeddings
2025-12-07 01:20:48,006 - mem0_manager - INFO - Memory manager initialized with all-MiniLM-L6-v2 embeddings (JSON file storage)
2025-12-07 01:24:51,319 - mem0_manager - INFO - Loading all-MiniLM-L6-v2 embedding model...
2025-12-07 01:24:51,320 - mem0_manager - INFO - Loading all-MiniLM-L6-v2 embedding model...
2025-12-07 01:24:53,766 - mem0_manager - INFO - Loaded 15 cached embeddings
2025-12-07 01:24:53,767 - mem0_manager - INFO - Loaded 15 cached embeddings
2025-12-07 01:24:53,767 - mem0_manager - INFO - Memory manager initialized with all-MiniLM-L6-v2 embeddings (JSON file storage)
2025-12-07 01:24:53,767 - mem0_manager - INFO - Memory manager initialized with all-MiniLM-L6-v2 embeddings (JSON file storage)
2025-12-07 01:25:23,532 - mem0_manager - INFO - Loading all-MiniLM-L6-v2 embedding model...
2025-12-07 01:25:25,220 - mem0_manager - INFO - Loaded 15 cached embeddings
2025-12-07 01:25:25,221 - mem0_manager - INFO - Memory manager initialized with all-MiniLM-L6-v2 embeddings (JSON file storage)
2025-12-07 01:26:00,905 - mem0_manager - INFO - Retrieved 0 memories for user 2808b1a5-c829-4c3d-aa7b-780e6c55b585
2025-12-07 01:26:25,722 - mem0_manager - INFO - Retrieved 0 memories for user 2808b1a5-c829-4c3d-aa7b-780e6c55b585
2025-12-07 01:27:24,389 - mem0_manager - INFO - Loading all-MiniLM-L6-v2 embedding model...
2025-12-07 01:27:26,153 - mem0_manager - INFO - Loaded 15 cached embeddings
2025-12-07 01:27:26,154 - mem0_manager - INFO - Memory manager initialized with all-MiniLM-L6-v2 embeddings (JSON file storage)
2025-12-07 01:27:44,516 - mem0_manager - INFO - Loading all-MiniLM-L6-v2 embedding model...
2025-12-07 01:27:46,170 - mem0_manager - INFO - Loaded 15 cached embeddings
2025-12-07 01:27:46,170 - mem0_manager - INFO - Memory manager initialized with all-MiniLM-L6-v2 embeddings (JSON file storage)
2025-12-07 01:27:53,095 - mem0_manager - INFO - Retrieved 0 memories for user 3724840e-500e-407e-bd85-f4295a447d66
2025-12-07 01:28:36,022 - mem0_manager - INFO - Loading all-MiniLM-L6-v2 embedding model...
2025-12-07 01:28:37,933 - mem0_manager - INFO - Loaded 15 cached embeddings
2025-12-07 01:28:37,934 - mem0_manager - INFO - Memory manager initialized with all-MiniLM-L6-v2 embeddings (JSON file storage)
2025-12-07 01:29:05,573 - mem0_manager - INFO - Loading all-MiniLM-L6-v2 embedding model...
2025-12-07 01:29:07,389 - mem0_manager - INFO - Loaded 15 cached embeddings
2025-12-07 01:29:07,390 - mem0_manager - INFO - Memory manager initialized with all-MiniLM-L6-v2 embeddings (JSON file storage)
2025-12-07 01:29:14,947 - mem0_manager - INFO - Retrieved 0 memories for user de049c6c-c48f-4c3f-98c3-9358f3e8c49e
2025-12-07 01:31:47,784 - mem0_manager - INFO - Loading all-MiniLM-L6-v2 embedding model...
2025-12-07 01:31:49,512 - mem0_manager - INFO - Loaded 15 cached embeddings
2025-12-07 01:31:49,513 - mem0_manager - INFO - Memory manager initialized with all-MiniLM-L6-v2 embeddings (JSON file storage)
2025-12-07 01:32:03,286 - mem0_manager - INFO - Retrieved 0 memories for user c13c204c-a9f1-408d-be81-2eb88a978375
2025-12-07 01:33:07,440 - mem0_manager - INFO - Loading all-MiniLM-L6-v2 embedding model...
2025-12-07 01:33:09,158 - mem0_manager - INFO - Loaded 15 cached embeddings
2025-12-07 01:33:09,158 - mem0_manager - INFO - Memory manager initialized with all-MiniLM-L6-v2 embeddings (JSON file storage)
2025-12-07 01:33:13,736 - mem0_manager - INFO - Retrieved 0 memories for user 308d5428-add2-472e-b869-628efee75e47
2025-12-07 01:33:35,294 - mem0_manager - INFO - Retrieved 0 memories for user 308d5428-add2-472e-b869-628efee75e47
2025-12-07 01:33:59,239 - mem0_manager - INFO - Retrieved 0 memories for user 308d5428-add2-472e-b869-628efee75e47
2025-12-07 01:35:17,897 - mem0_manager - INFO - Loading all-MiniLM-L6-v2 embedding model...
2025-12-07 01:35:19,600 - mem0_manager - INFO - Loaded 15 cached embeddings
2025-12-07 01:35:19,600 - mem0_manager - INFO - Memory manager initialized with all-MiniLM-L6-v2 embeddings (JSON file storage)
2025-12-07 01:35:32,886 - mem0_manager - INFO - Retrieved 0 memories for user ca159568-c8dc-4d01-aef1-b2949b0e4faf
2025-12-07 01:37:55,095 - mem0_manager - INFO - Loading all-MiniLM-L6-v2 embedding model...
2025-12-07 01:37:57,018 - mem0_manager - INFO - Loaded 15 cached embeddings
2025-12-07 01:37:57,018 - mem0_manager - INFO - Memory manager initialized with all-MiniLM-L6-v2 embeddings (JSON file storage)
2025-12-07 01:38:17,021 - mem0_manager - INFO - Loading all-MiniLM-L6-v2 embedding model...
2025-12-07 01:38:18,644 - mem0_manager - INFO - Loaded 15 cached embeddings
2025-12-07 01:38:18,644 - mem0_manager - INFO - Memory manager initialized with all-MiniLM-L6-v2 embeddings (JSON file storage)
2025-12-07 01:38:24,702 - mem0_manager - INFO - Retrieved 0 memories for user f389045c-861a-4695-bea3-698b724910ba
2025-12-07 01:38:40,638 - mem0_manager - INFO - Retrieved 0 memories for user f389045c-861a-4695-bea3-698b724910ba
2025-12-07 01:40:41,287 - mem0_manager - INFO - Loading all-MiniLM-L6-v2 embedding model...
2025-12-07 01:40:43,058 - mem0_manager - INFO - Loaded 15 cached embeddings
2025-12-07 01:40:43,058 - mem0_manager - INFO - Memory manager initialized with all-MiniLM-L6-v2 embeddings (JSON file storage)
2025-12-07 01:40:50,181 - mem0_manager - INFO - Retrieved 0 memories for user 9207736f-12a6-4cb8-92dc-7a732267a80a
2025-12-07 01:40:56,406 - mem0_manager - INFO - Added memory for user 9207736f-12a6-4cb8-92dc-7a732267a80a with embedding
2025-12-07 01:41:13,303 - mem0_manager - INFO - Retrieved 1 memories for user 9207736f-12a6-4cb8-92dc-7a732267a80a
2025-12-07 01:41:18,932 - mem0_manager - INFO - Retrieved 1 memories for user 9207736f-12a6-4cb8-92dc-7a732267a80a
2025-12-07 01:45:24,277 - mem0_manager - INFO - Loading all-MiniLM-L6-v2 embedding model...
2025-12-07 01:45:26,070 - mem0_manager - INFO - Loaded 15 cached embeddings
2025-12-07 01:45:26,071 - mem0_manager - INFO - Memory manager initialized with all-MiniLM-L6-v2 embeddings (JSON file storage)
2025-12-07 01:45:44,235 - mem0_manager - INFO - Retrieved 0 memories for user 31ef65f5-3cf2-4070-a46c-d927649b7201
2025-12-07 01:45:50,655 - mem0_manager - INFO - Added memory for user 31ef65f5-3cf2-4070-a46c-d927649b7201 with embedding
2025-12-07 01:45:53,246 - mem0_manager - INFO - Retrieved 1 memories for user 31ef65f5-3cf2-4070-a46c-d927649b7201
2025-12-07 01:45:59,187 - mem0_manager - INFO - Retrieved 1 memories for user 31ef65f5-3cf2-4070-a46c-d927649b7201
2025-12-07 01:48:51,926 - mem0_manager - INFO - Retrieved 1 memories for user 31ef65f5-3cf2-4070-a46c-d927649b7201
2025-12-07 01:48:57,297 - mem0_manager - INFO - Added memory for user 31ef65f5-3cf2-4070-a46c-d927649b7201 with embedding
2025-12-07 01:48:57,298 - mem0_manager - INFO - Retrieved 2 memories for user 31ef65f5-3cf2-4070-a46c-d927649b7201
2025-12-07 01:52:35,587 - mem0_manager - INFO - Retrieved 2 memories for user 31ef65f5-3cf2-4070-a46c-d927649b7201
2025-12-07 01:52:41,766 - mem0_manager - INFO - Retrieved 2 memories for user 31ef65f5-3cf2-4070-a46c-d927649b7201
2025-12-07 01:52:41,767 - mem0_manager - INFO - Retrieved 2 memories for user 31ef65f5-3cf2-4070-a46c-d927649b7201
2025-12-07 01:53:11,509 - mem0_manager - INFO - Retrieved 2 memories for user 31ef65f5-3cf2-4070-a46c-d927649b7201
2025-12-07 01:53:15,993 - mem0_manager - INFO - Retrieved 2 memories for user 31ef65f5-3cf2-4070-a46c-d927649b7201
2025-12-07 01:53:15,993 - mem0_manager - INFO - Retrieved 2 memories for user 31ef65f5-3cf2-4070-a46c-d927649b7201
2025-12-07 01:53:48,433 - mem0_manager - INFO - Retrieved 2 memories for user 31ef65f5-3cf2-4070-a46c-d927649b7201
2025-12-07 01:53:53,134 - mem0_manager - INFO - Retrieved 2 memories for user 31ef65f5-3cf2-4070-a46c-d927649b7201
2025-12-07 01:53:53,135 - mem0_manager - INFO - Retrieved 2 memories for user 31ef65f5-3cf2-4070-a46c-d927649b7201
2025-12-07 01:54:36,568 - mem0_manager - INFO - Added memory for user 31ef65f5-3cf2-4070-a46c-d927649b7201 with embedding
2025-12-07 01:56:19,573 - mem0_manager - INFO - Retrieved 3 memories for user 31ef65f5-3cf2-4070-a46c-d927649b7201
2025-12-07 01:56:25,065 - mem0_manager - INFO - Retrieved 3 memories for user 31ef65f5-3cf2-4070-a46c-d927649b7201
2025-12-07 01:56:25,065 - mem0_manager - INFO - Retrieved 3 memories for user 31ef65f5-3cf2-4070-a46c-d927649b7201
2025-12-07 01:56:54,279 - mem0_manager - INFO - Added memory for user 31ef65f5-3cf2-4070-a46c-d927649b7201 with embedding
2025-12-07 01:57:34,928 - mem0_manager - INFO - Retrieved 4 memories for user 31ef65f5-3cf2-4070-a46c-d927649b7201
2025-12-07 01:57:40,163 - mem0_manager - INFO - Retrieved 4 memories for user 31ef65f5-3cf2-4070-a46c-d927649b7201
2025-12-07 01:58:09,843 - mem0_manager - INFO - Added memory for user 31ef65f5-3cf2-4070-a46c-d927649b7201 with embedding
2025-12-07 01:58:40,990 - mem0_manager - INFO - Retrieved 5 memories for user 31ef65f5-3cf2-4070-a46c-d927649b7201
2025-12-07 01:58:45,529 - mem0_manager - INFO - Retrieved 5 memories for user 31ef65f5-3cf2-4070-a46c-d927649b7201
2025-12-07 01:59:11,321 - mem0_manager - INFO - Added memory for user 31ef65f5-3cf2-4070-a46c-d927649b7201 with embedding
2025-12-07 01:59:46,129 - mem0_manager - INFO - Retrieved 6 memories for user 31ef65f5-3cf2-4070-a46c-d927649b7201
2025-12-07 01:59:50,551 - mem0_manager - INFO - Retrieved 6 memories for user 31ef65f5-3cf2-4070-a46c-d927649b7201
2025-12-07 02:00:16,425 - mem0_manager - INFO - Added memory for user 31ef65f5-3cf2-4070-a46c-d927649b7201 with embedding
2025-12-07 02:00:33,023 - mem0_manager - INFO - Retrieved 7 memories for user 31ef65f5-3cf2-4070-a46c-d927649b7201
2025-12-07 02:00:37,983 - mem0_manager - INFO - Added memory for user 31ef65f5-3cf2-4070-a46c-d927649b7201 with embedding
2025-12-07 02:01:35,773 - mem0_manager - INFO - Retrieved 8 memories for user 31ef65f5-3cf2-4070-a46c-d927649b7201
2025-12-07 02:01:40,878 - mem0_manager - INFO - Retrieved 8 memories for user 31ef65f5-3cf2-4070-a46c-d927649b7201
2025-12-07 02:02:07,001 - mem0_manager - INFO - Added memory for user 31ef65f5-3cf2-4070-a46c-d927649b7201 with embedding
2025-12-07 02:08:15,883 - mem0_manager - INFO - Retrieved 9 memories for user 31ef65f5-3cf2-4070-a46c-d927649b7201
2025-12-07 02:08:21,490 - mem0_manager - INFO - Retrieved 9 memories for user 31ef65f5-3cf2-4070-a46c-d927649b7201
2025-12-07 02:08:21,491 - mem0_manager - INFO - Retrieved 9 memories for user 31ef65f5-3cf2-4070-a46c-d927649b7201
2025-12-07 02:08:35,660 - mem0_manager - INFO - Retrieved 9 memories for user 31ef65f5-3cf2-4070-a46c-d927649b7201
2025-12-07 02:08:40,473 - mem0_manager - INFO - Retrieved 9 memories for user 31ef65f5-3cf2-4070-a46c-d927649b7201
2025-12-07 02:08:40,473 - mem0_manager - INFO - Retrieved 9 memories for user 31ef65f5-3cf2-4070-a46c-d927649b7201
2025-12-07 02:09:10,063 - mem0_manager - INFO - Retrieved 9 memories for user 31ef65f5-3cf2-4070-a46c-d927649b7201
2025-12-07 02:09:15,827 - mem0_manager - INFO - Retrieved 9 memories for user 31ef65f5-3cf2-4070-a46c-d927649b7201
2025-12-07 02:09:15,827 - mem0_manager - INFO - Retrieved 9 memories for user 31ef65f5-3cf2-4070-a46c-d927649b7201
2025-12-07 02:10:25,193 - mem0_manager - INFO - Retrieved 9 memories for user 31ef65f5-3cf2-4070-a46c-d927649b7201
2025-12-07 02:10:30,260 - mem0_manager - INFO - Retrieved 9 memories for user 31ef65f5-3cf2-4070-a46c-d927649b7201
2025-12-07 02:10:30,261 - mem0_manager - INFO - Retrieved 9 memories for user 31ef65f5-3cf2-4070-a46c-d927649b7201
2025-12-07 02:10:52,864 - mem0_manager - INFO - Retrieved 9 memories for user 31ef65f5-3cf2-4070-a46c-d927649b7201
2025-12-07 02:10:58,566 - mem0_manager - INFO - Retrieved 9 memories for user 31ef65f5-3cf2-4070-a46c-d927649b7201
2025-12-07 02:10:58,567 - mem0_manager - INFO - Retrieved 9 memories for user 31ef65f5-3cf2-4070-a46c-d927649b7201
2025-12-07 02:11:16,685 - mem0_manager - INFO - Retrieved 9 memories for user 31ef65f5-3cf2-4070-a46c-d927649b7201
2025-12-07 02:11:23,867 - mem0_manager - INFO - Retrieved 9 memories for user 31ef65f5-3cf2-4070-a46c-d927649b7201
2025-12-07 02:11:23,867 - mem0_manager - INFO - Retrieved 9 memories for user 31ef65f5-3cf2-4070-a46c-d927649b7201
2025-12-07 02:12:10,948 - mem0_manager - INFO - Added memory for user 31ef65f5-3cf2-4070-a46c-d927649b7201 with embedding
2025-12-07 02:12:45,431 - mem0_manager - INFO - Retrieved 10 memories for user 31ef65f5-3cf2-4070-a46c-d927649b7201
2025-12-07 02:12:52,104 - mem0_manager - INFO - Retrieved 10 memories for user 31ef65f5-3cf2-4070-a46c-d927649b7201
2025-12-07 02:12:52,105 - mem0_manager - INFO - Retrieved 10 memories for user 31ef65f5-3cf2-4070-a46c-d927649b7201
2025-12-07 02:13:24,223 - mem0_manager - INFO - Added memory for user 31ef65f5-3cf2-4070-a46c-d927649b7201 with embedding
2025-12-07 02:19:10,566 - mem0_manager - INFO - Retrieved 11 memories for user 31ef65f5-3cf2-4070-a46c-d927649b7201
2025-12-07 02:19:16,066 - mem0_manager - INFO - Retrieved 11 memories for user 31ef65f5-3cf2-4070-a46c-d927649b7201
2025-12-07 02:19:31,740 - mem0_manager - INFO - Added memory for user 31ef65f5-3cf2-4070-a46c-d927649b7201 with embedding
