2025-12-07 01:20:48,006 - rag_manager - INFO - Loading local embedding model: sentence-transformers/all-MiniLM-L6-v2
2025-12-07 01:20:49,292 - rag_manager - INFO - Embedding model loaded: sentence-transformers/all-MiniLM-L6-v2 (384 dimensions)
2025-12-07 01:20:49,292 - rag_manager - INFO - RAG system initialized with local all-MiniLM-L6-v2 embeddings
2025-12-07 01:20:49,293 - rag_manager - INFO - Loading existing FAISS index from /Users/chittivijay/Documents/PythonAssignments/PythonAssignment_Hackthan1/travel-assistant-hackthan/data/vector_store/faiss_index
2025-12-07 01:20:49,474 - rag_manager - INFO - FAISS index loaded successfully
2025-12-07 01:24:53,767 - rag_manager - INFO - Loading local embedding model: sentence-transformers/all-MiniLM-L6-v2
2025-12-07 01:24:53,768 - rag_manager - INFO - Loading local embedding model: sentence-transformers/all-MiniLM-L6-v2
2025-12-07 01:24:56,483 - rag_manager - INFO - Embedding model loaded: sentence-transformers/all-MiniLM-L6-v2 (384 dimensions)
2025-12-07 01:24:56,483 - rag_manager - INFO - RAG system initialized with local all-MiniLM-L6-v2 embeddings
2025-12-07 01:24:56,483 - rag_manager - INFO - Loading existing FAISS index from /Users/chittivijay/Documents/PythonAssignments/PythonAssignment_Hackthan1/travel-assistant-hackthan/data/vector_store/faiss_index
2025-12-07 01:24:56,540 - rag_manager - INFO - FAISS index loaded successfully
2025-12-07 01:25:25,221 - rag_manager - INFO - Loading local embedding model: sentence-transformers/all-MiniLM-L6-v2
2025-12-07 01:25:26,541 - rag_manager - INFO - Embedding model loaded: sentence-transformers/all-MiniLM-L6-v2 (384 dimensions)
2025-12-07 01:25:26,541 - rag_manager - INFO - RAG system initialized with local all-MiniLM-L6-v2 embeddings
2025-12-07 01:25:26,542 - rag_manager - INFO - Loading existing FAISS index from /Users/chittivijay/Documents/PythonAssignments/PythonAssignment_Hackthan1/travel-assistant-hackthan/data/vector_store/faiss_index
2025-12-07 01:25:26,545 - rag_manager - INFO - FAISS index loaded successfully
2025-12-07 01:27:26,154 - rag_manager - INFO - Loading local embedding model: sentence-transformers/all-MiniLM-L6-v2
2025-12-07 01:27:27,371 - rag_manager - INFO - Embedding model loaded: sentence-transformers/all-MiniLM-L6-v2 (384 dimensions)
2025-12-07 01:27:27,372 - rag_manager - INFO - RAG system initialized with local all-MiniLM-L6-v2 embeddings
2025-12-07 01:27:27,372 - rag_manager - INFO - Loading existing FAISS index from /Users/chittivijay/Documents/PythonAssignments/PythonAssignment_Hackthan1/travel-assistant-hackthan/data/vector_store/faiss_index
2025-12-07 01:27:27,418 - rag_manager - INFO - FAISS index loaded successfully
2025-12-07 01:27:46,170 - rag_manager - INFO - Loading local embedding model: sentence-transformers/all-MiniLM-L6-v2
2025-12-07 01:27:47,505 - rag_manager - INFO - Embedding model loaded: sentence-transformers/all-MiniLM-L6-v2 (384 dimensions)
2025-12-07 01:27:47,505 - rag_manager - INFO - RAG system initialized with local all-MiniLM-L6-v2 embeddings
2025-12-07 01:27:47,506 - rag_manager - INFO - Loading existing FAISS index from /Users/chittivijay/Documents/PythonAssignments/PythonAssignment_Hackthan1/travel-assistant-hackthan/data/vector_store/faiss_index
2025-12-07 01:27:47,507 - rag_manager - INFO - FAISS index loaded successfully
2025-12-07 01:28:37,934 - rag_manager - INFO - Loading local embedding model: sentence-transformers/all-MiniLM-L6-v2
2025-12-07 01:28:39,321 - rag_manager - INFO - Embedding model loaded: sentence-transformers/all-MiniLM-L6-v2 (384 dimensions)
2025-12-07 01:28:39,321 - rag_manager - INFO - RAG system initialized with local all-MiniLM-L6-v2 embeddings
2025-12-07 01:28:39,321 - rag_manager - INFO - Loading existing FAISS index from /Users/chittivijay/Documents/PythonAssignments/PythonAssignment_Hackthan1/travel-assistant-hackthan/data/vector_store/faiss_index
2025-12-07 01:28:39,381 - rag_manager - INFO - FAISS index loaded successfully
2025-12-07 01:29:07,390 - rag_manager - INFO - Loading local embedding model: sentence-transformers/all-MiniLM-L6-v2
2025-12-07 01:29:08,695 - rag_manager - INFO - Embedding model loaded: sentence-transformers/all-MiniLM-L6-v2 (384 dimensions)
2025-12-07 01:29:08,695 - rag_manager - INFO - RAG system initialized with local all-MiniLM-L6-v2 embeddings
2025-12-07 01:29:08,695 - rag_manager - INFO - Loading existing FAISS index from /Users/chittivijay/Documents/PythonAssignments/PythonAssignment_Hackthan1/travel-assistant-hackthan/data/vector_store/faiss_index
2025-12-07 01:29:08,697 - rag_manager - INFO - FAISS index loaded successfully
2025-12-07 01:31:49,513 - rag_manager - INFO - Loading local embedding model: sentence-transformers/all-MiniLM-L6-v2
2025-12-07 01:31:50,786 - rag_manager - INFO - Embedding model loaded: sentence-transformers/all-MiniLM-L6-v2 (384 dimensions)
2025-12-07 01:31:50,786 - rag_manager - INFO - RAG system initialized with local all-MiniLM-L6-v2 embeddings
2025-12-07 01:31:50,786 - rag_manager - INFO - Loading existing FAISS index from /Users/chittivijay/Documents/PythonAssignments/PythonAssignment_Hackthan1/travel-assistant-hackthan/data/vector_store/faiss_index
2025-12-07 01:31:50,843 - rag_manager - INFO - FAISS index loaded successfully
2025-12-07 01:33:09,158 - rag_manager - INFO - Loading local embedding model: sentence-transformers/all-MiniLM-L6-v2
2025-12-07 01:33:10,400 - rag_manager - INFO - Embedding model loaded: sentence-transformers/all-MiniLM-L6-v2 (384 dimensions)
2025-12-07 01:33:10,400 - rag_manager - INFO - RAG system initialized with local all-MiniLM-L6-v2 embeddings
2025-12-07 01:33:10,400 - rag_manager - INFO - Loading existing FAISS index from /Users/chittivijay/Documents/PythonAssignments/PythonAssignment_Hackthan1/travel-assistant-hackthan/data/vector_store/faiss_index
2025-12-07 01:33:10,444 - rag_manager - INFO - FAISS index loaded successfully
2025-12-07 01:35:19,601 - rag_manager - INFO - Loading local embedding model: sentence-transformers/all-MiniLM-L6-v2
2025-12-07 01:35:20,938 - rag_manager - INFO - Embedding model loaded: sentence-transformers/all-MiniLM-L6-v2 (384 dimensions)
2025-12-07 01:35:20,938 - rag_manager - INFO - RAG system initialized with local all-MiniLM-L6-v2 embeddings
2025-12-07 01:35:20,938 - rag_manager - INFO - Loading existing FAISS index from /Users/chittivijay/Documents/PythonAssignments/PythonAssignment_Hackthan1/travel-assistant-hackthan/data/vector_store/faiss_index
2025-12-07 01:35:20,978 - rag_manager - INFO - FAISS index loaded successfully
2025-12-07 01:37:57,018 - rag_manager - INFO - Loading local embedding model: sentence-transformers/all-MiniLM-L6-v2
2025-12-07 01:37:58,285 - rag_manager - INFO - Embedding model loaded: sentence-transformers/all-MiniLM-L6-v2 (384 dimensions)
2025-12-07 01:37:58,285 - rag_manager - INFO - RAG system initialized with local all-MiniLM-L6-v2 embeddings
2025-12-07 01:37:58,285 - rag_manager - INFO - Loading existing FAISS index from /Users/chittivijay/Documents/PythonAssignments/PythonAssignment_Hackthan1/travel-assistant-hackthan/data/vector_store/faiss_index
2025-12-07 01:37:58,325 - rag_manager - INFO - FAISS index loaded successfully
2025-12-07 01:38:18,644 - rag_manager - INFO - Loading local embedding model: sentence-transformers/all-MiniLM-L6-v2
2025-12-07 01:38:19,883 - rag_manager - INFO - Embedding model loaded: sentence-transformers/all-MiniLM-L6-v2 (384 dimensions)
2025-12-07 01:38:19,883 - rag_manager - INFO - RAG system initialized with local all-MiniLM-L6-v2 embeddings
2025-12-07 01:38:19,883 - rag_manager - INFO - Loading existing FAISS index from /Users/chittivijay/Documents/PythonAssignments/PythonAssignment_Hackthan1/travel-assistant-hackthan/data/vector_store/faiss_index
2025-12-07 01:38:19,918 - rag_manager - INFO - FAISS index loaded successfully
2025-12-07 01:40:43,058 - rag_manager - INFO - Loading local embedding model: sentence-transformers/all-MiniLM-L6-v2
2025-12-07 01:40:44,317 - rag_manager - INFO - Embedding model loaded: sentence-transformers/all-MiniLM-L6-v2 (384 dimensions)
2025-12-07 01:40:44,317 - rag_manager - INFO - RAG system initialized with local all-MiniLM-L6-v2 embeddings
2025-12-07 01:40:44,317 - rag_manager - INFO - Loading existing FAISS index from /Users/chittivijay/Documents/PythonAssignments/PythonAssignment_Hackthan1/travel-assistant-hackthan/data/vector_store/faiss_index
2025-12-07 01:40:44,361 - rag_manager - INFO - FAISS index loaded successfully
2025-12-07 01:45:26,071 - rag_manager - INFO - Loading local embedding model: sentence-transformers/all-MiniLM-L6-v2
2025-12-07 01:45:27,459 - rag_manager - INFO - Embedding model loaded: sentence-transformers/all-MiniLM-L6-v2 (384 dimensions)
2025-12-07 01:45:27,459 - rag_manager - INFO - RAG system initialized with local all-MiniLM-L6-v2 embeddings
2025-12-07 01:45:27,460 - rag_manager - INFO - Loading existing FAISS index from /Users/chittivijay/Documents/PythonAssignments/PythonAssignment_Hackthan1/travel-assistant-hackthan/data/vector_store/faiss_index
2025-12-07 01:45:27,504 - rag_manager - INFO - FAISS index loaded successfully
2025-12-07 01:53:59,175 - rag_manager - INFO - Found 3 relevant policy chunks for query: travel budget cab flight policy morning aus to sfo 4 $2000
2025-12-07 01:56:29,849 - rag_manager - INFO - Found 3 relevant policy chunks for query: travel budget cab flight policy Option 1 in flights, Option 3 in hotel
2025-12-07 02:11:33,491 - rag_manager - INFO - Found 3 relevant policy chunks for query: travel budget cab flight policy evening and dallas
2025-12-07 02:12:57,259 - rag_manager - INFO - Found 3 relevant policy chunks for query: travel budget cab flight policy Option 2 in flights and Option 3 in hotel
