2025-12-07 01:57:40,162 - support_trip - INFO - Processing support query for user 31ef65f5-3cf2-4070-a46c-d927649b7201
2025-12-07 01:57:40,162 - support_trip - WARNING - Could not retrieve policy context: 'RAGManager' object has no attribute 'query'
2025-12-07 01:58:09,844 - support_trip - INFO - Successfully handled support query for user 31ef65f5-3cf2-4070-a46c-d927649b7201
2025-12-07 01:58:45,527 - support_trip - INFO - Processing support query for user 31ef65f5-3cf2-4070-a46c-d927649b7201
2025-12-07 01:58:45,528 - support_trip - WARNING - Could not retrieve policy context: 'RAGManager' object has no attribute 'query'
2025-12-07 01:59:11,323 - support_trip - INFO - Successfully handled support query for user 31ef65f5-3cf2-4070-a46c-d927649b7201
2025-12-07 01:59:50,550 - support_trip - INFO - Processing support query for user 31ef65f5-3cf2-4070-a46c-d927649b7201
2025-12-07 01:59:50,551 - support_trip - WARNING - Could not retrieve policy context: 'RAGManager' object has no attribute 'query'
2025-12-07 02:00:16,426 - support_trip - INFO - Successfully handled support query for user 31ef65f5-3cf2-4070-a46c-d927649b7201
2025-12-07 02:01:40,877 - support_trip - INFO - Processing support query for user 31ef65f5-3cf2-4070-a46c-d927649b7201
2025-12-07 02:01:40,878 - support_trip - WARNING - Could not retrieve policy context: 'RAGManager' object has no attribute 'query'
2025-12-07 02:02:07,001 - support_trip - INFO - Successfully handled support query for user 31ef65f5-3cf2-4070-a46c-d927649b7201
2025-12-07 02:19:16,066 - support_trip - INFO - Processing support query for user 31ef65f5-3cf2-4070-a46c-d927649b7201
2025-12-07 02:19:16,066 - support_trip - WARNING - Could not retrieve policy context: 'RAGManager' object has no attribute 'query'
2025-12-07 02:19:31,742 - support_trip - INFO - Successfully handled support query for user 31ef65f5-3cf2-4070-a46c-d927649b7201
2025-12-12 22:25:53,983 - support_trip - INFO - Processing support query for user b460bdcb-8b3d-455b-86b1-4151f6987c84
2025-12-12 22:25:53,986 - support_trip - WARNING - Could not retrieve policy context: 'RAGManager' object has no attribute 'query'
2025-12-12 22:26:06,403 - support_trip - INFO - Successfully handled support query for user b460bdcb-8b3d-455b-86b1-4151f6987c84
2025-12-12 22:32:53,029 - support_trip - INFO - Processing support query for user 54778fbf-1d50-4909-86fb-592b88503dff
2025-12-12 22:32:53,030 - support_trip - WARNING - Could not retrieve policy context: 'RAGManager' object has no attribute 'query'
2025-12-12 22:33:06,601 - support_trip - INFO - Successfully handled support query for user 54778fbf-1d50-4909-86fb-592b88503dff
2025-12-12 22:35:03,130 - support_trip - INFO - Processing support query for user 54778fbf-1d50-4909-86fb-592b88503dff
2025-12-12 22:35:03,131 - support_trip - WARNING - Could not retrieve policy context: 'RAGManager' object has no attribute 'query'
2025-12-12 22:35:21,464 - support_trip - INFO - Successfully handled support query for user 54778fbf-1d50-4909-86fb-592b88503dff
2025-12-12 23:04:36,457 - support_trip - INFO - Processing support query for user e1227c14-91d1-415e-889b-f541144785c2
2025-12-12 23:04:36,458 - support_trip - WARNING - Could not retrieve policy context: 'RAGManager' object has no attribute 'query'
2025-12-12 23:04:49,946 - support_trip - INFO - Successfully handled support query for user e1227c14-91d1-415e-889b-f541144785c2
2025-12-13 00:39:34,403 - support_trip - INFO - Processing support query for user e49ef129-9916-4fce-8c63-ef0c535b5306
2025-12-13 00:39:34,403 - support_trip - WARNING - Could not retrieve policy context: 'RAGManager' object has no attribute 'query'
2025-12-13 00:40:05,626 - support_trip - INFO - Successfully handled support query for user e49ef129-9916-4fce-8c63-ef0c535b5306
2025-12-13 00:40:09,096 - support_trip - INFO - Processing support query for user e49ef129-9916-4fce-8c63-ef0c535b5306
2025-12-13 00:40:09,096 - support_trip - WARNING - Could not retrieve policy context: 'RAGManager' object has no attribute 'query'
2025-12-13 00:40:35,735 - support_trip - INFO - Successfully handled support query for user e49ef129-9916-4fce-8c63-ef0c535b5306
2025-12-13 14:09:27,302 - support_trip - INFO - Processing support query for user e5759751-22d9-41c8-a82f-766e90093973
2025-12-13 14:09:27,303 - support_trip - WARNING - Could not retrieve policy context: 'RAGManager' object has no attribute 'query'
2025-12-13 14:09:42,687 - support_trip - INFO - Successfully handled support query for user e5759751-22d9-41c8-a82f-766e90093973
2025-12-13 14:13:59,275 - support_trip - INFO - Processing support query for user 833c1d15-70ce-4274-a63f-0ff56567695a
2025-12-13 14:13:59,275 - support_trip - WARNING - Could not retrieve policy context: 'RAGManager' object has no attribute 'query'
2025-12-13 14:14:16,514 - support_trip - INFO - Successfully handled support query for user 833c1d15-70ce-4274-a63f-0ff56567695a
2025-12-13 14:15:17,918 - support_trip - INFO - Processing support query for user 833c1d15-70ce-4274-a63f-0ff56567695a
2025-12-13 14:15:17,919 - support_trip - WARNING - Could not retrieve policy context: 'RAGManager' object has no attribute 'query'
2025-12-13 14:15:32,945 - support_trip - INFO - Successfully handled support query for user 833c1d15-70ce-4274-a63f-0ff56567695a
2025-12-13 14:23:56,687 - support_trip - INFO - Processing support query for user 41d54e22-3384-4348-8ddb-a865b7d86cef
2025-12-13 14:23:56,688 - support_trip - WARNING - Could not retrieve policy context: 'RAGManager' object has no attribute 'query'
2025-12-13 14:24:14,187 - support_trip - INFO - Successfully handled support query for user 41d54e22-3384-4348-8ddb-a865b7d86cef
2025-12-13 14:25:23,686 - support_trip - INFO - Processing support query for user 41d54e22-3384-4348-8ddb-a865b7d86cef
2025-12-13 14:25:23,687 - support_trip - WARNING - Could not retrieve policy context: 'RAGManager' object has no attribute 'query'
2025-12-13 14:25:37,176 - support_trip - INFO - Successfully handled support query for user 41d54e22-3384-4348-8ddb-a865b7d86cef
2025-12-13 16:30:43,481 - support_trip - INFO - Processing support query for user 007efac8-aaba-4c24-9cd6-96cf3ab6aba6
2025-12-13 16:30:43,483 - support_trip - WARNING - Could not retrieve policy context: 'RAGManager' object has no attribute 'query'
2025-12-13 16:31:07,250 - support_trip - INFO - Successfully handled support query for user 007efac8-aaba-4c24-9cd6-96cf3ab6aba6
2025-12-13 16:31:24,296 - support_trip - INFO - Processing support query for user 007efac8-aaba-4c24-9cd6-96cf3ab6aba6
2025-12-13 16:31:24,297 - support_trip - WARNING - Could not retrieve policy context: 'RAGManager' object has no attribute 'query'
2025-12-13 16:31:43,845 - support_trip - INFO - Successfully handled support query for user 007efac8-aaba-4c24-9cd6-96cf3ab6aba6
2025-12-13 16:41:45,097 - support_trip - INFO - Processing support query for user da90136b-79ae-4d53-92f5-ca30c06a1b59
2025-12-13 16:41:45,098 - support_trip - WARNING - Could not retrieve policy context: 'RAGManager' object has no attribute 'query'
2025-12-13 16:42:05,966 - support_trip - INFO - Successfully handled support query for user da90136b-79ae-4d53-92f5-ca30c06a1b59
2025-12-13 18:48:55,315 - support_trip - INFO - Processing support query for user 2f7bb850-b48d-42cd-bba0-7bebb846b25f
2025-12-13 18:48:55,317 - support_trip - WARNING - Could not retrieve policy context: 'RAGManager' object has no attribute 'query'
2025-12-13 18:49:08,248 - support_trip - INFO - Successfully handled support query for user 2f7bb850-b48d-42cd-bba0-7bebb846b25f
2025-12-13 18:49:17,460 - support_trip - INFO - Processing support query for user 2f7bb850-b48d-42cd-bba0-7bebb846b25f
2025-12-13 18:49:17,460 - support_trip - WARNING - Could not retrieve policy context: 'RAGManager' object has no attribute 'query'
2025-12-13 18:49:23,861 - support_trip - INFO - Successfully handled support query for user 2f7bb850-b48d-42cd-bba0-7bebb846b25f
2025-12-13 18:52:47,697 - support_trip - INFO - Processing support query for user 2f7bb850-b48d-42cd-bba0-7bebb846b25f
2025-12-13 18:52:47,699 - support_trip - WARNING - Could not retrieve policy context: 'RAGManager' object has no attribute 'query'
2025-12-13 18:52:56,352 - support_trip - INFO - Successfully handled support query for user 2f7bb850-b48d-42cd-bba0-7bebb846b25f
