2025-12-07 01:52:41,766 - travel_plan - INFO - Generating travel plan for user 31ef65f5-3cf2-4070-a46c-d927649b7201
2025-12-07 01:52:41,766 - travel_plan - INFO - Step 1: Preparing travel request...
2025-12-07 01:52:41,766 - travel_plan - INFO - Prepared travel request: {'user_id': '31ef65f5-3cf2-4070-a46c-d927649b7201', 'current_input': 'Suggest a travel plan with options for cabs and flights', 'destination': None, 'origin': None, 'dates': None, 'start_time': None, 'travelers': None, 'budget': None, 'user_selections': None}
2025-12-07 01:52:41,767 - travel_plan - INFO - Conversation history length: 7
2025-12-07 01:52:41,767 - travel_plan - INFO - Last assistant message preview: Great! I've noted your preference: I love having vegetarian food with a tea in the mountains

Here's...
2025-12-07 01:52:41,767 - travel_plan - INFO - Detected itinerary in conversation history
2025-12-07 01:52:41,767 - travel_plan - INFO - No confirmation word found in: Suggest a travel plan with options for cabs and flights
2025-12-07 01:53:15,992 - travel_plan - INFO - Generating travel plan for user 31ef65f5-3cf2-4070-a46c-d927649b7201
2025-12-07 01:53:15,993 - travel_plan - INFO - Step 1: Preparing travel request...
2025-12-07 01:53:15,993 - travel_plan - INFO - Prepared travel request: {'user_id': '31ef65f5-3cf2-4070-a46c-d927649b7201', 'current_input': 'feb 10 to 13', 'destination': None, 'origin': None, 'dates': None, 'start_time': None, 'travelers': None, 'budget': None, 'user_selections': None}
2025-12-07 01:53:15,993 - travel_plan - INFO - Conversation history length: 9
2025-12-07 01:53:15,993 - travel_plan - INFO - Last assistant message preview: To create the best travel plan for you, I need some additional information:

- Travel dates (start a...
2025-12-07 01:53:15,993 - travel_plan - INFO - No itinerary detected in last assistant message
2025-12-07 01:53:53,133 - travel_plan - INFO - Generating travel plan for user 31ef65f5-3cf2-4070-a46c-d927649b7201
2025-12-07 01:53:53,134 - travel_plan - INFO - Step 1: Preparing travel request...
2025-12-07 01:53:53,135 - travel_plan - INFO - Prepared travel request: {'user_id': '31ef65f5-3cf2-4070-a46c-d927649b7201', 'current_input': 'morning aus to sfo 4 $2000', 'destination': None, 'origin': None, 'dates': None, 'start_time': None, 'travelers': None, 'budget': None, 'user_selections': None}
2025-12-07 01:53:53,135 - travel_plan - INFO - Conversation history length: 11
2025-12-07 01:53:53,135 - travel_plan - INFO - Last assistant message preview: To create the best travel plan for you, I need some additional information:

- Start time of the day...
2025-12-07 01:53:53,135 - travel_plan - INFO - No itinerary detected in last assistant message
2025-12-07 01:54:36,569 - travel_plan - INFO - Successfully generated travel plan for user 31ef65f5-3cf2-4070-a46c-d927649b7201
2025-12-07 01:56:25,063 - travel_plan - INFO - Generating travel plan for user 31ef65f5-3cf2-4070-a46c-d927649b7201
2025-12-07 01:56:25,064 - travel_plan - INFO - Step 1: Preparing travel request...
2025-12-07 01:56:25,065 - travel_plan - INFO - Prepared travel request: {'user_id': '31ef65f5-3cf2-4070-a46c-d927649b7201', 'current_input': 'Option 1 in flights, Option 3 in hotel', 'destination': None, 'origin': None, 'dates': None, 'start_time': None, 'travelers': None, 'budget': None, 'user_selections': None}
2025-12-07 01:56:25,065 - travel_plan - INFO - Conversation history length: 13
2025-12-07 01:56:25,065 - travel_plan - INFO - Last assistant message preview: Of course. Based on the complete conversation history, I will create a comprehensive travel plan for...
2025-12-07 01:56:25,065 - travel_plan - INFO - Detected itinerary in conversation history
2025-12-07 01:56:25,065 - travel_plan - INFO - No confirmation word found in: Option 1 in flights, Option 3 in hotel
2025-12-07 01:56:54,280 - travel_plan - INFO - Successfully generated travel plan for user 31ef65f5-3cf2-4070-a46c-d927649b7201
2025-12-07 02:08:21,489 - travel_plan - INFO - Generating travel plan for user 31ef65f5-3cf2-4070-a46c-d927649b7201
2025-12-07 02:08:21,489 - travel_plan - INFO - Step 1: Preparing travel request...
2025-12-07 02:08:21,490 - travel_plan - INFO - Prepared travel request: {'user_id': '31ef65f5-3cf2-4070-a46c-d927649b7201', 'current_input': 'i want same trip from dallas to bufellow', 'destination': None, 'origin': None, 'dates': None, 'start_time': None, 'travelers': None, 'budget': None, 'user_selections': None}
2025-12-07 02:08:21,490 - travel_plan - INFO - Conversation history length: 25
2025-12-07 02:08:21,490 - travel_plan - INFO - Last assistant message preview: Of course! Based on your travel from Austin to San Francisco, you'll likely be arriving in the late ...
2025-12-07 02:08:21,491 - travel_plan - INFO - Detected itinerary in conversation history
2025-12-07 02:08:21,491 - travel_plan - INFO - No confirmation word found in: i want same trip from dallas to bufellow
2025-12-07 02:08:40,472 - travel_plan - INFO - Generating travel plan for user 31ef65f5-3cf2-4070-a46c-d927649b7201
2025-12-07 02:08:40,473 - travel_plan - INFO - Step 1: Preparing travel request...
2025-12-07 02:08:40,473 - travel_plan - INFO - Prepared travel request: {'user_id': '31ef65f5-3cf2-4070-a46c-d927649b7201', 'current_input': 'same travel dates', 'destination': None, 'origin': None, 'dates': None, 'start_time': None, 'travelers': None, 'budget': None, 'user_selections': None}
2025-12-07 02:08:40,473 - travel_plan - INFO - Conversation history length: 27
2025-12-07 02:08:40,473 - travel_plan - INFO - Last assistant message preview: To create the best travel plan for you, I need some additional information:

- Travel dates (start a...
2025-12-07 02:08:40,473 - travel_plan - INFO - No itinerary detected in last assistant message
2025-12-07 02:09:15,826 - travel_plan - INFO - Generating travel plan for user 31ef65f5-3cf2-4070-a46c-d927649b7201
2025-12-07 02:09:15,827 - travel_plan - INFO - Step 1: Preparing travel request...
2025-12-07 02:09:15,827 - travel_plan - INFO - Prepared travel request: {'user_id': '31ef65f5-3cf2-4070-a46c-d927649b7201', 'current_input': 'same travel dates which i haved used for austin to sfo trip', 'destination': None, 'origin': None, 'dates': None, 'start_time': None, 'travelers': None, 'budget': None, 'user_selections': None}
2025-12-07 02:09:15,827 - travel_plan - INFO - Conversation history length: 29
2025-12-07 02:09:15,827 - travel_plan - INFO - Last assistant message preview: To create the best travel plan for you, I need some additional information:

- Travel dates (start a...
2025-12-07 02:09:15,827 - travel_plan - INFO - No itinerary detected in last assistant message
2025-12-07 02:10:30,259 - travel_plan - INFO - Generating travel plan for user 31ef65f5-3cf2-4070-a46c-d927649b7201
2025-12-07 02:10:30,260 - travel_plan - INFO - Step 1: Preparing travel request...
2025-12-07 02:10:30,260 - travel_plan - INFO - Prepared travel request: {'user_id': '31ef65f5-3cf2-4070-a46c-d927649b7201', 'current_input': 'feb 5th to 8th evening, 4, $5000', 'destination': None, 'origin': None, 'dates': None, 'start_time': None, 'travelers': None, 'budget': None, 'user_selections': None}
2025-12-07 02:10:30,260 - travel_plan - INFO - Conversation history length: 31
2025-12-07 02:10:30,261 - travel_plan - INFO - Last assistant message preview: To create the best travel plan for you, I need some additional information:

- Travel dates (start a...
2025-12-07 02:10:30,261 - travel_plan - INFO - No itinerary detected in last assistant message
2025-12-07 02:10:58,566 - travel_plan - INFO - Generating travel plan for user 31ef65f5-3cf2-4070-a46c-d927649b7201
2025-12-07 02:10:58,566 - travel_plan - INFO - Step 1: Preparing travel request...
2025-12-07 02:10:58,567 - travel_plan - INFO - Prepared travel request: {'user_id': '31ef65f5-3cf2-4070-a46c-d927649b7201', 'current_input': 'buffelow', 'destination': None, 'origin': None, 'dates': None, 'start_time': None, 'travelers': None, 'budget': None, 'user_selections': None}
2025-12-07 02:10:58,567 - travel_plan - INFO - Conversation history length: 33
2025-12-07 02:10:58,567 - travel_plan - INFO - Last assistant message preview: To create the best travel plan for you, I need some additional information:

- Destination
- Start t...
2025-12-07 02:10:58,567 - travel_plan - INFO - No itinerary detected in last assistant message
2025-12-07 02:11:23,866 - travel_plan - INFO - Generating travel plan for user 31ef65f5-3cf2-4070-a46c-d927649b7201
2025-12-07 02:11:23,867 - travel_plan - INFO - Step 1: Preparing travel request...
2025-12-07 02:11:23,867 - travel_plan - INFO - Prepared travel request: {'user_id': '31ef65f5-3cf2-4070-a46c-d927649b7201', 'current_input': 'evening and dallas', 'destination': None, 'origin': None, 'dates': None, 'start_time': None, 'travelers': None, 'budget': None, 'user_selections': None}
2025-12-07 02:11:23,867 - travel_plan - INFO - Conversation history length: 35
2025-12-07 02:11:23,867 - travel_plan - INFO - Last assistant message preview: To create the best travel plan for you, I need some additional information:

- Start time of the day...
2025-12-07 02:11:23,867 - travel_plan - INFO - No itinerary detected in last assistant message
2025-12-07 02:12:10,949 - travel_plan - INFO - Successfully generated travel plan for user 31ef65f5-3cf2-4070-a46c-d927649b7201
2025-12-07 02:12:52,103 - travel_plan - INFO - Generating travel plan for user 31ef65f5-3cf2-4070-a46c-d927649b7201
2025-12-07 02:12:52,104 - travel_plan - INFO - Step 1: Preparing travel request...
2025-12-07 02:12:52,104 - travel_plan - INFO - Prepared travel request: {'user_id': '31ef65f5-3cf2-4070-a46c-d927649b7201', 'current_input': 'Option 2 in flights and Option 3 in hotel', 'destination': None, 'origin': None, 'dates': None, 'start_time': None, 'travelers': None, 'budget': None, 'user_selections': None}
2025-12-07 02:12:52,104 - travel_plan - INFO - Conversation history length: 37
2025-12-07 02:12:52,104 - travel_plan - INFO - Last assistant message preview: Of course. Based on the complete conversation history, I will create a comprehensive travel plan for...
2025-12-07 02:12:52,104 - travel_plan - INFO - Detected itinerary in conversation history
2025-12-07 02:12:52,104 - travel_plan - INFO - No confirmation word found in: Option 2 in flights and Option 3 in hotel
2025-12-07 02:13:24,224 - travel_plan - INFO - Successfully generated travel plan for user 31ef65f5-3cf2-4070-a46c-d927649b7201
