2025-12-07 01:20:46,138 - ui - INFO - New session started: c5a0cf0b-d173-48e5-b3e0-4a9249e81c84
2025-12-07 01:20:55,476 - ui - ERROR - Error initializing graph: Your default credentials were not found. To set up Application Default Credentials, see https://cloud.google.com/docs/authentication/external/set-up-adc for more information.
2025-12-07 01:24:51,318 - ui - INFO - New session started: 6d9805e9-b518-42cc-933e-306d339cbb70
2025-12-07 01:24:51,319 - ui - INFO - New session started: 324c3e52-278c-40a8-a07f-b692a960f49a
2025-12-07 01:24:55,628 - ui - ERROR - Error initializing graph: Cannot copy out of meta tensor; no data! Please use torch.nn.Module.to_empty() instead of torch.nn.Module.to() when moving module from meta to a different device.
2025-12-07 01:24:56,592 - ui - INFO - Travel Assistant Graph initialized
2025-12-07 01:25:23,530 - ui - INFO - New session started: 2808b1a5-c829-4c3d-aa7b-780e6c55b585
2025-12-07 01:25:26,584 - ui - INFO - Travel Assistant Graph initialized
2025-12-07 01:27:24,388 - ui - INFO - New session started: 0851d1bc-7e81-4851-8bb1-12d7e03230a0
2025-12-07 01:27:27,451 - ui - INFO - Travel Assistant Graph initialized
2025-12-07 01:27:44,515 - ui - INFO - New session started: 3724840e-500e-407e-bd85-f4295a447d66
2025-12-07 01:27:47,514 - ui - INFO - Travel Assistant Graph initialized
2025-12-07 01:28:36,021 - ui - INFO - New session started: 7b50c392-fcd2-49e5-ab18-9c7d5959430d
2025-12-07 01:28:39,410 - ui - INFO - Travel Assistant Graph initialized
2025-12-07 01:29:05,572 - ui - INFO - New session started: de049c6c-c48f-4c3f-98c3-9358f3e8c49e
2025-12-07 01:29:08,703 - ui - INFO - Travel Assistant Graph initialized
2025-12-07 01:31:47,784 - ui - INFO - New session started: c13c204c-a9f1-408d-be81-2eb88a978375
2025-12-07 01:31:50,874 - ui - INFO - Travel Assistant Graph initialized
2025-12-07 01:33:07,440 - ui - INFO - New session started: 308d5428-add2-472e-b869-628efee75e47
2025-12-07 01:33:10,474 - ui - INFO - Travel Assistant Graph initialized
2025-12-07 01:35:17,896 - ui - INFO - New session started: ca159568-c8dc-4d01-aef1-b2949b0e4faf
2025-12-07 01:35:21,013 - ui - INFO - Travel Assistant Graph initialized
2025-12-07 01:37:55,093 - ui - INFO - New session started: e82035ef-14d1-4e32-b872-a72604690596
2025-12-07 01:37:58,356 - ui - INFO - Travel Assistant Graph initialized
2025-12-07 01:38:17,021 - ui - INFO - New session started: f389045c-861a-4695-bea3-698b724910ba
2025-12-07 01:38:19,946 - ui - INFO - Travel Assistant Graph initialized
2025-12-07 01:40:41,286 - ui - INFO - New session started: 9207736f-12a6-4cb8-92dc-7a732267a80a
2025-12-07 01:40:44,393 - ui - INFO - Travel Assistant Graph initialized
2025-12-07 01:45:24,276 - ui - INFO - New session started: 31ef65f5-3cf2-4070-a46c-d927649b7201
2025-12-07 01:45:27,533 - ui - INFO - Travel Assistant Graph initialized
2025-12-08 01:26:13,012 - ui - INFO - New session started: cc250929-6404-442e-9006-c01010b465a1
2025-12-08 01:26:17,107 - ui - INFO - Travel Assistant Graph initialized
2025-12-11 00:43:39,629 - ui - INFO - New session started: 6eeeadc6-569a-44f2-a768-5745d3ff1e12
2025-12-11 00:43:43,182 - ui - ERROR - Error initializing graph: 'user_input' is already being used as a state key
2025-12-11 00:45:31,707 - ui - INFO - New session started: 660719fe-209a-4826-947d-4b52a1f2c679
2025-12-11 00:45:34,154 - ui - ERROR - Error initializing graph: 'user_input' is already being used as a state key
2025-12-11 01:07:02,987 - ui - INFO - New session started: 86ccd66e-5ffa-437c-9b47-282099ff359d
2025-12-11 01:07:06,013 - ui - INFO - Travel Assistant Graph initialized
2025-12-12 12:05:33,546 - ui - INFO - New session started: f4b81196-2f2f-47ce-9ac3-43bb13931f62
2025-12-12 12:05:49,792 - ui - INFO - Travel Assistant Graph initialized
2025-12-12 12:31:02,798 - ui - INFO - New session started: 1e333cd9-edb6-490d-8bb7-2e47e6865155
2025-12-12 12:31:20,871 - ui - INFO - New session started: dd6b3531-c38f-4c16-a957-7aaa2426b987
2025-12-12 12:31:36,085 - ui - INFO - Travel Assistant Graph initialized
2025-12-12 12:41:03,964 - ui - INFO - New session started: 2d9dfd3c-083c-45f8-8db0-d0ebe5a68920
2025-12-12 12:41:21,147 - ui - INFO - Travel Assistant Graph initialized
2025-12-12 21:52:12,873 - ui - INFO - New session started: ee95aaf2-f251-4345-a3a3-d5eb1faeef66
2025-12-12 21:52:17,117 - ui - INFO - Travel Assistant Graph initialized
2025-12-12 21:55:02,640 - ui - INFO - New session started: e09f63f5-f3b0-4c51-9ba7-6a31ce2a2e82
2025-12-12 21:55:05,590 - ui - INFO - Travel Assistant Graph initialized
2025-12-12 21:55:31,376 - ui - INFO - New session started: c990e194-f16d-4951-a7f0-c83b5a0faae0
2025-12-12 21:55:33,828 - ui - INFO - Travel Assistant Graph initialized
2025-12-12 21:57:47,938 - ui - INFO - New session started: a83fc50d-13f4-4d21-b3c9-f2a281fb37ae
2025-12-12 21:57:50,954 - ui - INFO - Travel Assistant Graph initialized
2025-12-12 22:07:52,440 - ui - INFO - New session started: e5d9eabc-b26c-42a9-a667-ea3cfe6b6366
2025-12-12 22:07:55,224 - ui - INFO - Travel Assistant Graph initialized
2025-12-12 22:15:23,985 - ui - INFO - New session started: b175b8ab-e6ce-4fdb-98a1-95eb7b8d8b27
2025-12-12 22:15:26,695 - ui - INFO - Travel Assistant Graph initialized
2025-12-12 22:24:48,965 - ui - INFO - New session started: b460bdcb-8b3d-455b-86b1-4151f6987c84
2025-12-12 22:24:52,243 - ui - INFO - Travel Assistant Graph initialized
2025-12-12 22:28:09,731 - ui - INFO - New session started: 54778fbf-1d50-4909-86fb-592b88503dff
2025-12-12 22:28:12,608 - ui - INFO - Travel Assistant Graph initialized
2025-12-12 22:51:15,733 - ui - INFO - New session started: 304baa87-1308-450b-afb9-15c1113388eb
2025-12-12 22:51:18,532 - ui - INFO - Travel Assistant Graph initialized
2025-12-12 23:03:09,541 - ui - INFO - New session started: e1227c14-91d1-415e-889b-f541144785c2
2025-12-12 23:03:12,156 - ui - INFO - Travel Assistant Graph initialized
2025-12-12 23:11:27,458 - ui - INFO - New session started: a1c8fd2e-9099-4374-a07c-7a18d2fd64fd
2025-12-12 23:11:30,217 - ui - INFO - Travel Assistant Graph initialized
